<?xml version="1.0" encoding="UTF-8"?>
<testng-results skipped="0" failed="1" total="1" passed="0">
  <reporter-output>
  </reporter-output>
  <suite name="Suite" duration-ms="20449" started-at="2019-06-14T05:32:10Z" finished-at="2019-06-14T05:32:30Z">
    <groups>
    </groups>
    <test name="Test" duration-ms="20449" started-at="2019-06-14T05:32:10Z" finished-at="2019-06-14T05:32:30Z">
      <class name="org.brcloud.tests.SampleTests">
        <test-method status="PASS" signature="setUP()[pri:0, instance:org.brcloud.tests.SampleTests@4501b7af]" name="setUP" is-config="true" duration-ms="545" started-at="2019-06-14T11:02:10Z" finished-at="2019-06-14T11:02:10Z">
          <reporter-output>
          </reporter-output>
        </test-method> <!-- setUP -->
        <test-method status="FAIL" signature="OpenMRS(cucumber.api.testng.CucumberFeatureWrapper)[pri:0, instance:org.brcloud.tests.SampleTests@4501b7af]" name="OpenMRS" duration-ms="19712" started-at="2019-06-14T11:02:11Z" description="OpenMRS" data-provider="features" finished-at="2019-06-14T11:02:30Z">
          <params>
            <param index="0">
              <value>
                <![CDATA[Validation of Angular and Non-Angular Interactions]]>
              </value>
            </param>
          </params>
          <exception class="cucumber.runtime.CucumberException">
            <message>
              <![CDATA[java.lang.AssertionError: The following asserts failed:
null]]>
            </message>
            <full-stacktrace>
              <![CDATA[cucumber.runtime.CucumberException: java.lang.AssertionError: The following asserts failed:
null
	at cucumber.api.testng.TestNGCucumberRunner.runCucumber(TestNGCucumberRunner.java:69)
	at org.brcloud.tests.SampleTests.OpenMRS(SampleTests.java:37)
	at sun.reflect.NativeMethodAccessorImpl.invoke0(Native Method)
	at sun.reflect.NativeMethodAccessorImpl.invoke(Unknown Source)
	at sun.reflect.DelegatingMethodAccessorImpl.invoke(Unknown Source)
	at java.lang.reflect.Method.invoke(Unknown Source)
	at org.testng.internal.MethodInvocationHelper.invokeMethod(MethodInvocationHelper.java:80)
	at org.testng.internal.Invoker.invokeMethod(Invoker.java:714)
	at org.testng.internal.Invoker.invokeTestMethod(Invoker.java:901)
	at org.testng.internal.Invoker.invokeTestMethods(Invoker.java:1231)
	at org.testng.internal.TestMethodWorker.invokeTestMethods(TestMethodWorker.java:127)
	at org.testng.internal.TestMethodWorker.run(TestMethodWorker.java:111)
	at java.util.concurrent.ThreadPoolExecutor.runWorker(Unknown Source)
	at java.util.concurrent.ThreadPoolExecutor$Worker.run(Unknown Source)
	at java.lang.Thread.run(Unknown Source)
Caused by: java.lang.AssertionError: The following asserts failed:
null
	at org.testng.asserts.SoftAssert.assertAll(SoftAssert.java:37)
	at org.brcloud.stepdefs.test.pocFeatureStep.validate_entered_name(pocFeatureStep.java:48)
	at âœ½.And Validate Entered Name(pocFeature.feature:10)
]]>
            </full-stacktrace>
          </exception> <!-- cucumber.runtime.CucumberException -->
          <reporter-output>
          </reporter-output>
        </test-method> <!-- OpenMRS -->
        <test-method status="PASS" signature="tearDown()[pri:0, instance:org.brcloud.tests.SampleTests@4501b7af]" name="tearDown" is-config="true" duration-ms="27" started-at="2019-06-14T11:02:30Z" finished-at="2019-06-14T11:02:30Z">
          <reporter-output>
          </reporter-output>
        </test-method> <!-- tearDown -->
      </class> <!-- org.brcloud.tests.SampleTests -->
    </test> <!-- Test -->
  </suite> <!-- Suite -->
</testng-results>
